c:\users\andrew\source\repos\programm3\programm3\debug\vc142.pdb
c:\users\andrew\source\repos\programm3\programm3\debug\source.obj
c:\users\andrew\source\repos\programm3\programm3\debug\rk3.obj
c:\users\andrew\source\repos\programm3\programm3\debug\myform.obj
c:\users\andrew\source\repos\programm3\programm3\debug\.netframework,version=v4.7.2.assemblyattributes.obj
c:\users\andrew\source\repos\programm3\programm3\debug\.netframework,version=v4.7.2.assemblyattributes.asm
c:\users\andrew\source\repos\programm3\programm3\debug\programm3.myform.resources
c:\users\andrew\source\repos\programm3\programm3\debug\programm3.vcxproj.generateresource.cache
c:\users\andrew\source\repos\programm3\programm3\debug\programm3.vcxprojassemblyreference.cache
c:\users\andrew\source\repos\programm3\programm3\debug\programm3.tlog\cl.command.1.tlog
c:\users\andrew\source\repos\programm3\programm3\debug\programm3.tlog\cl.read.1.tlog
c:\users\andrew\source\repos\programm3\programm3\debug\programm3.tlog\cl.write.1.tlog
c:\users\andrew\source\repos\programm3\programm3\debug\programm3.tlog\link.2268.read.1.tlog
c:\users\andrew\source\repos\programm3\programm3\debug\programm3.tlog\link.2268.write.1.tlog
c:\users\andrew\source\repos\programm3\programm3\debug\programm3.tlog\link.5552.read.1.tlog
c:\users\andrew\source\repos\programm3\programm3\debug\programm3.tlog\link.5552.write.1.tlog
c:\users\andrew\source\repos\programm3\programm3\debug\programm3.tlog\link.command.1.tlog
c:\users\andrew\source\repos\programm3\programm3\debug\programm3.tlog\link.read.1.tlog
c:\users\andrew\source\repos\programm3\programm3\debug\programm3.tlog\link.write.1.tlog
c:\users\andrew\source\repos\programm3\programm3\debug\programm3.tlog\metagen.read.1.tlog
c:\users\andrew\source\repos\programm3\programm3\debug\programm3.tlog\metagen.write.1.tlog
c:\users\andrew\source\repos\programm3\programm3\debug\programm3.tlog\programm3.write.1u.tlog
